
here 
get Current date
today is 15 - 11 - 2013








NG3.0/ng30_13a_delivery_AB4/ATCA     |  ng30_13a     | None            | 

NG3.0/ng30_13a_delivery_AB4/ATCA, ng30_13a, None
running for ng30_13a
working in path: /home/django/lvnproject/Weblvn/scripts
sql file path located at: /home/django/lvnproject/Weblvn/WeblvnApp.db to select latest for ng30_13a

found max rev 199886 for ng30_13a
found latest rev 199886 for ng30_13a
builds file: build_cre_dt_ng30_13a.txt 
rev found 186835 but latest is 199886 it will not be pushed
rev found 186947 but latest is 199886 it will not be pushed
rev found 187383 but latest is 199886 it will not be pushed
rev found 187541 but latest is 199886 it will not be pushed
rev found 187728 but latest is 199886 it will not be pushed
rev found 187967 but latest is 199886 it will not be pushed
rev found 188182 but latest is 199886 it will not be pushed
rev found 188811 but latest is 199886 it will not be pushed
rev found 189273 but latest is 199886 it will not be pushed
rev found 189723 but latest is 199886 it will not be pushed
rev found 190132 but latest is 199886 it will not be pushed
rev found 186947 but latest is 199886 it will not be pushed
rev found 190454 but latest is 199886 it will not be pushed
rev found 190660 but latest is 199886 it will not be pushed
rev found 190707 but latest is 199886 it will not be pushed
rev found 191173 but latest is 199886 it will not be pushed
rev found 191597 but latest is 199886 it will not be pushed
rev found 192232 but latest is 199886 it will not be pushed
rev found 192261 but latest is 199886 it will not be pushed
rev found 192311 but latest is 199886 it will not be pushed
rev found 192611 but latest is 199886 it will not be pushed
rev found 193042 but latest is 199886 it will not be pushed
rev found 193115 but latest is 199886 it will not be pushed
rev found 193151 but latest is 199886 it will not be pushed
rev found 193300 but latest is 199886 it will not be pushed
rev found 193853 but latest is 199886 it will not be pushed
rev found 194052 but latest is 199886 it will not be pushed
rev found 194618 but latest is 199886 it will not be pushed
rev found 195061 but latest is 199886 it will not be pushed
rev found 195637 but latest is 199886 it will not be pushed
rev found 196326 but latest is 199886 it will not be pushed
rev found 196534 but latest is 199886 it will not be pushed
rev found 196725 but latest is 199886 it will not be pushed
rev found 196856 but latest is 199886 it will not be pushed
rev found 197109 but latest is 199886 it will not be pushed
rev found 197281 but latest is 199886 it will not be pushed
rev found 197555 but latest is 199886 it will not be pushed
rev found 197746 but latest is 199886 it will not be pushed
rev found 197968 but latest is 199886 it will not be pushed
rev found 198379 but latest is 199886 it will not be pushed
rev found 198734 but latest is 199886 it will not be pushed
rev found 198929 but latest is 199886 it will not be pushed
rev found 199706 but latest is 199886 it will not be pushed
rev found 199886 but latest is 199886 it will not be pushed
rev found 178510 but latest is 199886 it will not be pushed
rev found 178655 but latest is 199886 it will not be pushed
rev found 178665 but latest is 199886 it will not be pushed
rev found 178665 but latest is 199886 it will not be pushed
rev found 178714 but latest is 199886 it will not be pushed
rev found 178717 but latest is 199886 it will not be pushed
rev found 178859 but latest is 199886 it will not be pushed
rev found 178900 but latest is 199886 it will not be pushed
rev found 179139 but latest is 199886 it will not be pushed
rev found 179312 but latest is 199886 it will not be pushed
rev found 179469 but latest is 199886 it will not be pushed
rev found 179581 but latest is 199886 it will not be pushed
rev found 180728 but latest is 199886 it will not be pushed
rev found 179802 but latest is 199886 it will not be pushed
rev found 179830 but latest is 199886 it will not be pushed
rev found 180012 but latest is 199886 it will not be pushed
rev found 180359 but latest is 199886 it will not be pushed
rev found 180680 but latest is 199886 it will not be pushed
rev found 180793 but latest is 199886 it will not be pushed
rev found 181080 but latest is 199886 it will not be pushed
rev found 181307 but latest is 199886 it will not be pushed
rev found 178324 but latest is 199886 it will not be pushed
rev found 183321 but latest is 199886 it will not be pushed
rev found 185171 but latest is 19988